Determining if the pthread_create exist failed with the following output:
Change Dir: /home/jetson/recycle_Box/build/CMakeFiles/CMakeTmp

Run Build Command:"/usr/bin/make" "cmTC_3a524/fast"
/usr/bin/make -f CMakeFiles/cmTC_3a524.dir/build.make CMakeFiles/cmTC_3a524.dir/build
make[1]: Entering directory '/home/jetson/recycle_Box/build/CMakeFiles/CMakeTmp'
Building C object CMakeFiles/cmTC_3a524.dir/CheckSymbolExists.c.o
/usr/bin/cc   -fPIC    -o CMakeFiles/cmTC_3a524.dir/CheckSymbolExists.c.o   -c /home/jetson/recycle_Box/build/CMakeFiles/CMakeTmp/CheckSymbolExists.c
Linking C executable cmTC_3a524
/usr/bin/cmake -E cmake_link_script CMakeFiles/cmTC_3a524.dir/link.txt --verbose=1
/usr/bin/cc -fPIC     -rdynamic CMakeFiles/cmTC_3a524.dir/CheckSymbolExists.c.o  -o cmTC_3a524 
CMakeFiles/cmTC_3a524.dir/CheckSymbolExists.c.o: In function `main':
CheckSymbolExists.c:(.text+0x14): undefined reference to `pthread_create'
CheckSymbolExists.c:(.text+0x18): undefined reference to `pthread_create'
collect2: error: ld returned 1 exit status
CMakeFiles/cmTC_3a524.dir/build.make:97: recipe for target 'cmTC_3a524' failed
make[1]: *** [cmTC_3a524] Error 1
make[1]: Leaving directory '/home/jetson/recycle_Box/build/CMakeFiles/CMakeTmp'
Makefile:126: recipe for target 'cmTC_3a524/fast' failed
make: *** [cmTC_3a524/fast] Error 2

File /home/jetson/recycle_Box/build/CMakeFiles/CMakeTmp/CheckSymbolExists.c:
/* */
#include <pthread.h>

int main(int argc, char** argv)
{
  (void)argv;
#ifndef pthread_create
  return ((int*)(&pthread_create))[argc];
#else
  (void)argc;
  return 0;
#endif
}

Determining if the function pthread_create exists in the pthreads failed with the following output:
Change Dir: /home/jetson/recycle_Box/build/CMakeFiles/CMakeTmp

Run Build Command:"/usr/bin/make" "cmTC_eb7dd/fast"
/usr/bin/make -f CMakeFiles/cmTC_eb7dd.dir/build.make CMakeFiles/cmTC_eb7dd.dir/build
make[1]: Entering directory '/home/jetson/recycle_Box/build/CMakeFiles/CMakeTmp'
Building C object CMakeFiles/cmTC_eb7dd.dir/CheckFunctionExists.c.o
/usr/bin/cc   -fPIC -DCHECK_FUNCTION_EXISTS=pthread_create   -o CMakeFiles/cmTC_eb7dd.dir/CheckFunctionExists.c.o   -c /usr/share/cmake-3.10/Modules/CheckFunctionExists.c
Linking C executable cmTC_eb7dd
/usr/bin/cmake -E cmake_link_script CMakeFiles/cmTC_eb7dd.dir/link.txt --verbose=1
/usr/bin/cc -fPIC -DCHECK_FUNCTION_EXISTS=pthread_create    -rdynamic CMakeFiles/cmTC_eb7dd.dir/CheckFunctionExists.c.o  -o cmTC_eb7dd -lpthreads 
/usr/bin/ld: cannot find -lpthreads
collect2: error: ld returned 1 exit status
CMakeFiles/cmTC_eb7dd.dir/build.make:97: recipe for target 'cmTC_eb7dd' failed
make[1]: *** [cmTC_eb7dd] Error 1
make[1]: Leaving directory '/home/jetson/recycle_Box/build/CMakeFiles/CMakeTmp'
Makefile:126: recipe for target 'cmTC_eb7dd/fast' failed
make: *** [cmTC_eb7dd/fast] Error 2


